<?xml version="1.0" encoding="UTF-8"?>
<testsuite xmlns:xsi="http://www.w3.org/2001/XMLSchema-instance" xsi:noNamespaceSchemaLocation="https://maven.apache.org/surefire/maven-surefire-plugin/xsd/surefire-test-report-3.0.xsd" version="3.0" name="com.sk26.springboot.tutorial.repository.DepartmentRepositoryTest" time="1.618" tests="2" errors="0" skipped="2" failures="0">
  <properties>
[...]
</properties>
  <testcase name="testFindByDepartmentNameIgnoreCase" classname="com.sk26.springboot.tutorial.repository.DepartmentRepositoryTest" time="0">
    <skipped message="void com.sk26.springboot.tutorial.repository.DepartmentRepositoryTest.testFindByDepartmentNameIgnoreCase() is @Disabled"/>
    <system-out><![CDATA[2023-12-22T21:53:17.240+05:30  INFO 3716 --- [           main] t.c.s.AnnotationConfigContextLoaderUtils : Could not detect default configuration classes for test class [com.sk26.springboot.tutorial.repository.DepartmentRepositoryTest]: DepartmentRepositoryTest does not declare any static, non-private, non-final, nested classes annotated with @Configuration.
2023-12-22T21:53:17.269+05:30  INFO 3716 --- [           main] .b.t.c.SpringBootTestContextBootstrapper : Found @SpringBootConfiguration com.sk26.springboot.tutorial.SpringBootTutorialApplication for test class com.sk26.springboot.tutorial.repository.DepartmentRepositoryTest

  .   ____          _            __ _ _
 /\\ / ___'_ __ _ _(_)_ __  __ _ \ \ \ \
( ( )\___ | '_ | '_| | '_ \/ _` | \ \ \ \
 \\/  ___)| |_)| | | | | || (_| |  ) ) ) )
  '  |____| .__|_| |_|_| |_\__, | / / / /
 =========|_|==============|___/=/_/_/_/
 :: Spring Boot ::                (v3.1.1)

2023-12-22T21:53:17.318+05:30  INFO 3716 --- [           main] c.s.s.t.r.DepartmentRepositoryTest       : Starting DepartmentRepositoryTest using Java 17.0.4.1 with PID 3716 (started by Harshada in E:\Spring Boot\spring-boot-tutorial\spring-boot-tutorial)
2023-12-22T21:53:17.319+05:30  INFO 3716 --- [           main] c.s.s.t.r.DepartmentRepositoryTest       : No active profile set, falling back to 1 default profile: "default"
2023-12-22T21:53:17.442+05:30  INFO 3716 --- [           main] .s.d.r.c.RepositoryConfigurationDelegate : Bootstrapping Spring Data JPA repositories in DEFAULT mode.
2023-12-22T21:53:17.477+05:30  INFO 3716 --- [           main] .s.d.r.c.RepositoryConfigurationDelegate : Finished Spring Data repository scanning in 29 ms. Found 1 JPA repository interfaces.
2023-12-22T21:53:17.524+05:30  INFO 3716 --- [           main] beddedDataSourceBeanFactoryPostProcessor : Replacing 'dataSource' DataSource bean with embedded version
2023-12-22T21:53:17.588+05:30  INFO 3716 --- [           main] o.s.j.d.e.EmbeddedDatabaseFactory        : Starting embedded database: url='jdbc:h2:mem:9e6dc27e-2e2d-49bb-a8b8-eed6bd22e098;DB_CLOSE_DELAY=-1;DB_CLOSE_ON_EXIT=false', username='sa'
2023-12-22T21:53:17.784+05:30  INFO 3716 --- [           main] o.hibernate.jpa.internal.util.LogHelper  : HHH000204: Processing PersistenceUnitInfo [name: default]
2023-12-22T21:53:17.829+05:30  INFO 3716 --- [           main] org.hibernate.Version                    : HHH000412: Hibernate ORM core version 6.2.5.Final
2023-12-22T21:53:17.831+05:30  INFO 3716 --- [           main] org.hibernate.cfg.Environment            : HHH000406: Using bytecode reflection optimizer
2023-12-22T21:53:17.939+05:30  INFO 3716 --- [           main] o.h.b.i.BytecodeProviderInitiator        : HHH000021: Bytecode provider name : bytebuddy
2023-12-22T21:53:17.944+05:30  INFO 3716 --- [           main] o.s.o.j.p.SpringPersistenceUnitInfo      : No LoadTimeWeaver setup: ignoring JPA class transformer
2023-12-22T21:53:18.131+05:30  INFO 3716 --- [           main] o.h.b.i.BytecodeProviderInitiator        : HHH000021: Bytecode provider name : bytebuddy
2023-12-22T21:53:18.492+05:30  INFO 3716 --- [           main] o.h.e.t.j.p.i.JtaPlatformInitiator       : HHH000490: Using JtaPlatform implementation: [org.hibernate.engine.transaction.jta.platform.internal.NoJtaPlatform]
Hibernate: create table department (department_id bigint not null, department_address varchar(255), department_code varchar(255), department_name varchar(20), primary key (department_id))
Hibernate: create sequence department_seq start with 1 increment by 50
2023-12-22T21:53:18.521+05:30  INFO 3716 --- [           main] j.LocalContainerEntityManagerFactoryBean : Initialized JPA EntityManagerFactory for persistence unit 'default'
2023-12-22T21:53:18.848+05:30  INFO 3716 --- [           main] c.s.s.t.r.DepartmentRepositoryTest       : Started DepartmentRepositoryTest in 1.568 seconds (process running for 4.37)
]]></system-out>
  </testcase>
  <testcase name="testFindByDepartmentNameAndDepartmentCodeIgnoreCase" classname="com.sk26.springboot.tutorial.repository.DepartmentRepositoryTest" time="0">
    <skipped message="void com.sk26.springboot.tutorial.repository.DepartmentRepositoryTest.testFindByDepartmentNameAndDepartmentCodeIgnoreCase() is @Disabled"/>
  </testcase>
</testsuite>